<?xml version="1.0" encoding="UTF-8"?>
<!-- Generated by org.testng.reporters.JUnitReportReporter -->
<testsuite hostname="LAPTOP-HPNDLRMI" failures="0" tests="1" name="com.webappsecurity.zero.TestScripts.VerifyFundsTransferTest" time="7.304" errors="0" timestamp="2021-06-18T15:08:44 EDT" skipped="0">
  <testcase classname="com.webappsecurity.zero.TestScripts.VerifyFundsTransferTest" name="verifyFundsTransfer" time="7.304"/>
  <system-out/>
</testsuite> <!-- com.webappsecurity.zero.TestScripts.VerifyFundsTransferTest -->
